Base path: 'C:/Program Files/Unity/Hub/Editor/2019.4.35f1/Editor/Data', plugins path 'C:/Program Files/Unity/Hub/Editor/2019.4.35f1/Editor/Data/PlaybackEngines'
Cmd: initializeCompiler
Cmd: compileComputeKernel
  api=4 insize=775 outsize=11445 ok=1
Cmd: compileComputeKernel
  api=4 insize=958 outsize=1905 ok=1
Cmd: compileComputeKernel
  api=4 insize=958 outsize=1616 ok=1
Cmd: compileComputeKernel
  api=4 insize=222 outsize=628 ok=1
Cmd: compileComputeKernel
  api=4 insize=759 outsize=638 ok=1
Cmd: compileComputeKernel
  api=4 insize=759 outsize=759 ok=1
Cmd: compileComputeKernel
  api=4 insize=759 outsize=844 ok=1
Cmd: compileComputeKernel
  api=4 insize=3405 outsize=22258 ok=1
Cmd: compileComputeKernel
  api=4 insize=3405 outsize=30674 ok=1
Cmd: compileComputeKernel
  api=4 insize=82071 outsize=2922 ok=1
Cmd: compileComputeKernel
  api=4 insize=82071 outsize=3099 ok=1
Cmd: compileComputeKernel
  api=4 insize=82071 outsize=5708 ok=1
Cmd: compileComputeKernel
  api=4 insize=82071 outsize=1689 ok=1
Cmd: compileComputeKernel
  api=4 insize=82071 outsize=1407 ok=1
Cmd: compileComputeKernel
  api=4 insize=82071 outsize=3685 ok=1
Cmd: compileComputeKernel
  api=4 insize=82071 outsize=3375 ok=1
Cmd: compileComputeKernel
  api=4 insize=82071 outsize=3398 ok=1
Cmd: compileComputeKernel
  api=4 insize=82071 outsize=3608 ok=1
Cmd: compileComputeKernel
  api=4 insize=82071 outsize=3553 ok=1
Cmd: compileComputeKernel
  api=4 insize=82071 outsize=3399 ok=1
Cmd: compileComputeKernel
  api=4 insize=82071 outsize=3684 ok=1
Cmd: compileComputeKernel
  api=4 insize=82071 outsize=3485 ok=1
Cmd: compileComputeKernel
  api=4 insize=82071 outsize=3468 ok=1
Cmd: compileComputeKernel
  api=4 insize=82071 outsize=3475 ok=1
Cmd: compileComputeKernel
  api=4 insize=82071 outsize=4419 ok=1
Cmd: compileComputeKernel
  api=4 insize=82071 outsize=5039 ok=1
Cmd: compileComputeKernel
  api=4 insize=82071 outsize=5194 ok=1
Cmd: compileComputeKernel
  api=4 insize=82071 outsize=5073 ok=1
Cmd: compileComputeKernel
  api=4 insize=82071 outsize=5218 ok=1
Cmd: compileComputeKernel
  api=4 insize=82071 outsize=3574 ok=1
Cmd: compileComputeKernel
  api=4 insize=82071 outsize=3429 ok=1
Cmd: compileComputeKernel
  api=4 insize=82071 outsize=1590 ok=1
Cmd: compileComputeKernel
  api=4 insize=82071 outsize=1750 ok=1
Cmd: compileComputeKernel
  api=4 insize=82071 outsize=2302 ok=1
Cmd: compileComputeKernel
  api=4 insize=82071 outsize=3638 ok=1
Cmd: compileComputeKernel
  api=4 insize=467 outsize=5893 ok=1
Cmd: compileComputeKernel
  api=4 insize=11929 outsize=2274 ok=1
Cmd: compileComputeKernel
  api=4 insize=11929 outsize=2859 ok=1
Cmd: compileComputeKernel
  api=4 insize=4458 outsize=3836 ok=1
Cmd: compileComputeKernel
  api=4 insize=18478 outsize=37036 ok=1
Cmd: compileComputeKernel
  api=4 insize=76455 outsize=5015 ok=1
Cmd: compileComputeKernel
  api=4 insize=467 outsize=2233 ok=1
Cmd: compileComputeKernel
  api=4 insize=958 outsize=1620 ok=1
Cmd: compileComputeKernel
  api=4 insize=958 outsize=1495 ok=1
Cmd: compileComputeKernel
  api=4 insize=776 outsize=2787 ok=1
Cmd: compileComputeKernel
  api=4 insize=10641 outsize=674 ok=1
Cmd: compileComputeKernel
  api=4 insize=10641 outsize=770 ok=1
Cmd: compileComputeKernel
  api=4 insize=10641 outsize=1023 ok=1
Cmd: compileComputeKernel
  api=4 insize=10641 outsize=759 ok=1
Cmd: compileComputeKernel
  api=4 insize=10641 outsize=857 ok=1
Cmd: compileComputeKernel
  api=4 insize=10641 outsize=1310 ok=1
Cmd: compileComputeKernel
  api=4 insize=10641 outsize=791 ok=1
Cmd: compileComputeKernel
  api=4 insize=10641 outsize=877 ok=1
Cmd: compileComputeKernel
  api=4 insize=10641 outsize=693 ok=1
Cmd: compileComputeKernel
  api=4 insize=10641 outsize=1298 ok=1
Cmd: compileComputeKernel
  api=4 insize=10641 outsize=1484 ok=1
Cmd: compileComputeKernel
  api=4 insize=10641 outsize=1306 ok=1
Cmd: compileComputeKernel
  api=4 insize=10641 outsize=1300 ok=1
Cmd: compileComputeKernel
  api=4 insize=10641 outsize=1359 ok=1
Cmd: compileComputeKernel
  api=4 insize=10641 outsize=1311 ok=1
Cmd: compileComputeKernel
  api=4 insize=10641 outsize=1369 ok=1
Cmd: compileComputeKernel
  api=4 insize=10641 outsize=1364 ok=1
Cmd: compileComputeKernel
  api=4 insize=10641 outsize=1397 ok=1
Cmd: compileComputeKernel
  api=4 insize=10641 outsize=1374 ok=1
Cmd: compileComputeKernel
  api=4 insize=10641 outsize=1401 ok=1
Cmd: compileComputeKernel
  api=4 insize=10641 outsize=1317 ok=1
Cmd: compileComputeKernel
  api=4 insize=10641 outsize=1384 ok=1
Cmd: compileComputeKernel
  api=4 insize=4442 outsize=1684 ok=1
Cmd: shutdown
