Base path: 'C:/Program Files/Unity/Hub/Editor/2019.4.35f1/Editor/Data', plugins path 'C:/Program Files/Unity/Hub/Editor/2019.4.35f1/Editor/Data/PlaybackEngines'
Cmd: initializeCompiler
Cmd: compileComputeKernel
  api=4 insize=18337 outsize=8523 ok=1
Cmd: compileComputeKernel
  api=4 insize=5017 outsize=4117 ok=1
Cmd: compileComputeKernel
  api=4 insize=12109 outsize=1027 ok=1
Cmd: compileComputeKernel
  api=4 insize=12109 outsize=1848 ok=1
Cmd: compileComputeKernel
  api=4 insize=12109 outsize=2218 ok=1
Cmd: compileComputeKernel
  api=4 insize=11985 outsize=1465 ok=1
Cmd: compileComputeKernel
  api=4 insize=11985 outsize=1620 ok=1
Cmd: compileComputeKernel
  api=4 insize=11985 outsize=1494 ok=1
Cmd: compileComputeKernel
  api=4 insize=11985 outsize=1528 ok=1
Cmd: compileComputeKernel
  api=4 insize=18301 outsize=3063 ok=1
Cmd: compileComputeKernel
  api=4 insize=18301 outsize=5897 ok=1
Cmd: compileComputeKernel
  api=4 insize=10935 outsize=9840 ok=1
Cmd: compileComputeKernel
  api=4 insize=66874 outsize=2922 ok=1
Cmd: compileComputeKernel
  api=4 insize=66874 outsize=2631 ok=1
Cmd: compileComputeKernel
  api=4 insize=66874 outsize=2482 ok=1
Cmd: compileComputeKernel
  api=4 insize=66874 outsize=1461 ok=1
Cmd: compileComputeKernel
  api=4 insize=66874 outsize=2029 ok=1
Cmd: compileComputeKernel
  api=4 insize=66874 outsize=1597 ok=1
Cmd: compileComputeKernel
  api=4 insize=66874 outsize=1610 ok=1
Cmd: compileComputeKernel
  api=4 insize=66874 outsize=1287 ok=1
Cmd: compileComputeKernel
  api=4 insize=66874 outsize=1369 ok=1
Cmd: compileComputeKernel
  api=4 insize=66874 outsize=1383 ok=1
Cmd: compileComputeKernel
  api=4 insize=66874 outsize=1861 ok=1
Cmd: compileComputeKernel
  api=4 insize=66874 outsize=1284 ok=1
Cmd: compileComputeKernel
  api=4 insize=66874 outsize=1580 ok=1
Cmd: compileComputeKernel
  api=4 insize=66874 outsize=1819 ok=1
Cmd: compileComputeKernel
  api=4 insize=66874 outsize=1974 ok=1
Cmd: compileComputeKernel
  api=4 insize=66874 outsize=1853 ok=1
Cmd: compileComputeKernel
  api=4 insize=66874 outsize=1998 ok=1
Cmd: compileComputeKernel
  api=4 insize=66874 outsize=1301 ok=1
Cmd: compileComputeKernel
  api=4 insize=66874 outsize=3544 ok=1
Cmd: compileComputeKernel
  api=4 insize=66874 outsize=1680 ok=1
Cmd: compileComputeKernel
  api=4 insize=66874 outsize=921 ok=1
Cmd: compileComputeKernel
  api=4 insize=2098 outsize=1005 ok=1
Cmd: compileComputeKernel
  api=4 insize=72903 outsize=3651 ok=1
Cmd: compileComputeKernel
  api=4 insize=34089 outsize=772 ok=1
Cmd: compileComputeKernel
  api=4 insize=34089 outsize=775 ok=1
Cmd: compileComputeKernel
  api=4 insize=34089 outsize=1032 ok=1
Cmd: compileComputeKernel
  api=4 insize=34089 outsize=777 ok=1
Cmd: compileComputeKernel
  api=4 insize=34089 outsize=701 ok=1
Cmd: compileComputeKernel
  api=4 insize=34089 outsize=769 ok=1
Cmd: compileComputeKernel
  api=4 insize=34089 outsize=837 ok=1
Cmd: compileComputeKernel
  api=4 insize=34089 outsize=1321 ok=1
Cmd: compileComputeKernel
  api=4 insize=34089 outsize=1547 ok=1
Cmd: compileComputeKernel
  api=4 insize=34089 outsize=1369 ok=1
Cmd: compileComputeKernel
  api=4 insize=34089 outsize=1465 ok=1
Cmd: compileComputeKernel
  api=4 insize=34089 outsize=1288 ok=1
Cmd: compileComputeKernel
  api=4 insize=34089 outsize=1284 ok=1
Cmd: compileComputeKernel
  api=4 insize=34089 outsize=1618 ok=1
Cmd: compileComputeKernel
  api=4 insize=79248 outsize=14580 ok=1
Cmd: compileComputeKernel
  api=4 insize=79248 outsize=35630 ok=1
Cmd: compileComputeKernel
  api=4 insize=79248 outsize=3084 ok=1
Cmd: compileComputeKernel
  api=4 insize=79248 outsize=3725 ok=1
Cmd: compileComputeKernel
  api=4 insize=4442 outsize=1449 ok=1
Cmd: compileComputeKernel
  api=4 insize=1900 outsize=3122 ok=1
Cmd: initializeCompiler
Cmd: compileComputeKernel
  api=4 insize=775 outsize=14204 ok=1
Cmd: compileComputeKernel
  api=4 insize=1069 outsize=1465 ok=1
Cmd: compileComputeKernel
  api=4 insize=1069 outsize=1499 ok=1
Cmd: compileComputeKernel
  api=4 insize=2847 outsize=3554 ok=1
Cmd: compileComputeKernel
  api=4 insize=331 outsize=674 ok=1
Cmd: compileComputeKernel
  api=4 insize=759 outsize=711 ok=1
Cmd: compileComputeKernel
  api=4 insize=759 outsize=759 ok=1
Cmd: compileComputeKernel
  api=4 insize=759 outsize=805 ok=1
Cmd: compileComputeKernel
  api=4 insize=3405 outsize=27245 ok=1
Cmd: compileComputeKernel
  api=4 insize=13751 outsize=1046 ok=1
Cmd: compileComputeKernel
  api=4 insize=13751 outsize=1840 ok=1
Cmd: compileComputeKernel
  api=4 insize=13751 outsize=2218 ok=1
Cmd: compileComputeKernel
  api=4 insize=20821 outsize=13884 ok=1
Cmd: compileComputeKernel
  api=4 insize=89748 outsize=1686 ok=1
Cmd: compileComputeKernel
  api=4 insize=89748 outsize=10239 ok=1
Cmd: compileComputeKernel
  api=4 insize=89748 outsize=1689 ok=1
Cmd: compileComputeKernel
  api=4 insize=89748 outsize=1407 ok=1
Cmd: compileComputeKernel
  api=4 insize=89748 outsize=3685 ok=1
Cmd: compileComputeKernel
  api=4 insize=89748 outsize=3375 ok=1
Cmd: compileComputeKernel
  api=4 insize=89748 outsize=3373 ok=1
Cmd: compileComputeKernel
  api=4 insize=89748 outsize=1554 ok=1
Cmd: compileComputeKernel
  api=4 insize=89748 outsize=3608 ok=1
Cmd: compileComputeKernel
  api=4 insize=89748 outsize=3462 ok=1
Cmd: compileComputeKernel
  api=4 insize=89748 outsize=4872 ok=1
Cmd: compileComputeKernel
  api=4 insize=89748 outsize=3684 ok=1
Cmd: compileComputeKernel
  api=4 insize=89748 outsize=3916 ok=1
Cmd: compileComputeKernel
  api=4 insize=89748 outsize=3468 ok=1
Cmd: compileComputeKernel
  api=4 insize=89748 outsize=3975 ok=1
Cmd: compileComputeKernel
  api=4 insize=89748 outsize=1364 ok=1
Cmd: compileComputeKernel
  api=4 insize=89748 outsize=5039 ok=1
Cmd: compileComputeKernel
  api=4 insize=89748 outsize=5039 ok=1
Cmd: compileComputeKernel
  api=4 insize=89748 outsize=5194 ok=1
Cmd: compileComputeKernel
  api=4 insize=89748 outsize=5068 ok=1
Cmd: compileComputeKernel
  api=4 insize=89748 outsize=5218 ok=1
Cmd: compileComputeKernel
  api=4 insize=89748 outsize=3460 ok=1
Cmd: compileComputeKernel
  api=4 insize=89748 outsize=3429 ok=1
Cmd: compileComputeKernel
  api=4 insize=89748 outsize=3309 ok=1
Cmd: compileComputeKernel
  api=4 insize=89748 outsize=3310 ok=1
Cmd: compileComputeKernel
  api=4 insize=89748 outsize=7449 ok=1
Cmd: compileComputeKernel
  api=4 insize=467 outsize=5809 ok=1
Cmd: compileComputeKernel
  api=4 insize=15390 outsize=2274 ok=1
Cmd: compileComputeKernel
  api=4 insize=15390 outsize=2884 ok=1
Cmd: compileComputeKernel
  api=4 insize=15390 outsize=3526 ok=1
Cmd: compileComputeKernel
  api=4 insize=67361 outsize=23716 ok=1
Cmd: compileComputeKernel
  api=4 insize=67361 outsize=9793 ok=1
Cmd: compileComputeKernel
  api=4 insize=67361 outsize=9631 ok=1
Cmd: compileComputeKernel
  api=4 insize=4587 outsize=3368 ok=1
Cmd: compileComputeKernel
  api=4 insize=76423 outsize=5741 ok=1
Cmd: compileComputeKernel
  api=4 insize=467 outsize=2137 ok=1
Cmd: compileComputeKernel
  api=4 insize=13363 outsize=10489 ok=1
Cmd: compileComputeKernel
  api=4 insize=1069 outsize=1905 ok=1
Cmd: compileComputeKernel
  api=4 insize=1069 outsize=1616 ok=1
Cmd: compileComputeKernel
  api=4 insize=3167 outsize=2302 ok=1
Cmd: compileComputeKernel
  api=4 insize=776 outsize=6364 ok=1
Cmd: compileComputeKernel
  api=4 insize=11209 outsize=772 ok=1
Cmd: compileComputeKernel
  api=4 insize=11209 outsize=770 ok=1
Cmd: compileComputeKernel
  api=4 insize=11209 outsize=834 ok=1
Cmd: compileComputeKernel
  api=4 insize=11209 outsize=677 ok=1
Cmd: compileComputeKernel
  api=4 insize=11209 outsize=798 ok=1
Cmd: compileComputeKernel
  api=4 insize=11209 outsize=1310 ok=1
Cmd: compileComputeKernel
  api=4 insize=11209 outsize=791 ok=1
Cmd: compileComputeKernel
  api=4 insize=11209 outsize=838 ok=1
Cmd: compileComputeKernel
  api=4 insize=11209 outsize=693 ok=1
Cmd: compileComputeKernel
  api=4 insize=11209 outsize=1292 ok=1
Cmd: compileComputeKernel
  api=4 insize=11209 outsize=1137 ok=1
Cmd: compileComputeKernel
  api=4 insize=11209 outsize=1520 ok=1
Cmd: compileComputeKernel
  api=4 insize=11209 outsize=1329 ok=1
Cmd: compileComputeKernel
  api=4 insize=11209 outsize=1311 ok=1
Cmd: compileComputeKernel
  api=4 insize=11209 outsize=1359 ok=1
Cmd: compileComputeKernel
  api=4 insize=11209 outsize=1248 ok=1
Cmd: compileComputeKernel
  api=4 insize=11209 outsize=1369 ok=1
Cmd: compileComputeKernel
  api=4 insize=11209 outsize=1573 ok=1
Cmd: compileComputeKernel
  api=4 insize=11209 outsize=1628 ok=1
Cmd: compileComputeKernel
  api=4 insize=11209 outsize=1805 ok=1
Cmd: compileComputeKernel
  api=4 insize=11209 outsize=1287 ok=1
Cmd: compileComputeKernel
  api=4 insize=11209 outsize=1287 ok=1
Cmd: compileComputeKernel
  api=4 insize=11209 outsize=1296 ok=1
Cmd: compileComputeKernel
  api=4 insize=4497 outsize=1449 ok=1
Cmd: compileComputeKernel
  api=4 insize=1900 outsize=3122 ok=1
Cmd: compileSnippet
  api=4 type=0 insize=1302 outsize=1330 kw=UNITY_PASS_SHADOWCASTER SHADOWS_CUBE _PARALLAXMAP pd=UNITY_ENABLE_REFLECTION_BUFFERS UNITY_USE_DITHER_MASK_FOR_ALPHABLENDED_SHADOWS UNITY_PBS_USE_BRDF1 UNITY_SPECCUBE_BOX_PROJECTION UNITY_SPECCUBE_BLENDING UNITY_ENABLE_DETAIL_NORMALMAP SHADER_API_DESKTOP UNITY_COLORSPACE_GAMMA UNITY_LIGHT_PROBE_PROXY_VOLUME UNITY_LIGHTMAP_FULL_HDR ok=1
Cmd: compileSnippet
  api=4 type=0 insize=11820 outsize=570 kw=FINALPASS pd=UNITY_ENABLE_REFLECTION_BUFFERS UNITY_USE_DITHER_MASK_FOR_ALPHABLENDED_SHADOWS UNITY_PBS_USE_BRDF1 UNITY_SPECCUBE_BOX_PROJECTION UNITY_SPECCUBE_BLENDING UNITY_ENABLE_DETAIL_NORMALMAP SHADER_API_DESKTOP UNITY_COLORSPACE_GAMMA UNITY_LIGHT_PROBE_PROXY_VOLUME UNITY_LIGHTMAP_FULL_HDR ok=1
Cmd: shutdown
