Base path: 'C:/Program Files/Unity/Hub/Editor/2019.4.35f1/Editor/Data', plugins path 'C:/Program Files/Unity/Hub/Editor/2019.4.35f1/Editor/Data/PlaybackEngines'
Cmd: initializeCompiler
Cmd: compileComputeKernel
  api=4 insize=18337 outsize=8873 ok=1
Cmd: compileComputeKernel
  api=4 insize=1562 outsize=603 ok=1
Cmd: compileComputeKernel
  api=4 insize=12109 outsize=1099 ok=1
Cmd: compileComputeKernel
  api=4 insize=12109 outsize=1840 ok=1
Cmd: compileComputeKernel
  api=4 insize=12109 outsize=2218 ok=1
Cmd: compileComputeKernel
  api=4 insize=11985 outsize=1465 ok=1
Cmd: compileComputeKernel
  api=4 insize=11985 outsize=1620 ok=1
Cmd: compileComputeKernel
  api=4 insize=11985 outsize=1502 ok=1
Cmd: compileComputeKernel
  api=4 insize=11985 outsize=1616 ok=1
Cmd: compileComputeKernel
  api=4 insize=18301 outsize=3271 ok=1
Cmd: compileComputeKernel
  api=4 insize=18301 outsize=5661 ok=1
Cmd: compileComputeKernel
  api=4 insize=10935 outsize=10585 ok=1
Cmd: compileComputeKernel
  api=4 insize=66874 outsize=10239 ok=1
Cmd: compileComputeKernel
  api=4 insize=66874 outsize=1287 ok=1
Cmd: compileComputeKernel
  api=4 insize=66874 outsize=1285 ok=1
Cmd: compileComputeKernel
  api=4 insize=66874 outsize=1682 ok=1
Cmd: compileComputeKernel
  api=4 insize=66874 outsize=1465 ok=1
Cmd: compileComputeKernel
  api=4 insize=66874 outsize=1311 ok=1
Cmd: compileComputeKernel
  api=4 insize=66874 outsize=1387 ok=1
Cmd: compileComputeKernel
  api=4 insize=66874 outsize=1823 ok=1
Cmd: compileComputeKernel
  api=4 insize=66874 outsize=1819 ok=1
Cmd: compileComputeKernel
  api=4 insize=66874 outsize=1856 ok=1
Cmd: compileComputeKernel
  api=4 insize=66874 outsize=1997 ok=1
Cmd: compileComputeKernel
  api=4 insize=66874 outsize=1341 ok=1
Cmd: compileComputeKernel
  api=4 insize=66874 outsize=1342 ok=1
Cmd: compileComputeKernel
  api=4 insize=66874 outsize=1590 ok=1
Cmd: compileComputeKernel
  api=4 insize=66874 outsize=1750 ok=1
Cmd: compileComputeKernel
  api=4 insize=66874 outsize=1382 ok=1
Cmd: compileComputeKernel
  api=4 insize=2167 outsize=372 ok=1
Cmd: compileComputeKernel
  api=4 insize=72903 outsize=5741 ok=1
Cmd: compileComputeKernel
  api=4 insize=34089 outsize=622 ok=1
Cmd: compileComputeKernel
  api=4 insize=34089 outsize=682 ok=1
Cmd: compileComputeKernel
  api=4 insize=34089 outsize=937 ok=1
Cmd: compileComputeKernel
  api=4 insize=34089 outsize=854 ok=1
Cmd: compileComputeKernel
  api=4 insize=34089 outsize=749 ok=1
Cmd: compileComputeKernel
  api=4 insize=34089 outsize=701 ok=1
Cmd: compileComputeKernel
  api=4 insize=34089 outsize=831 ok=1
Cmd: compileComputeKernel
  api=4 insize=34089 outsize=1035 ok=1
Cmd: compileComputeKernel
  api=4 insize=34089 outsize=1298 ok=1
Cmd: compileComputeKernel
  api=4 insize=34089 outsize=1524 ok=1
Cmd: compileComputeKernel
  api=4 insize=34089 outsize=1346 ok=1
Cmd: compileComputeKernel
  api=4 insize=34089 outsize=1442 ok=1
Cmd: compileComputeKernel
  api=4 insize=34089 outsize=1311 ok=1
Cmd: compileComputeKernel
  api=4 insize=34089 outsize=1261 ok=1
Cmd: compileComputeKernel
  api=4 insize=34089 outsize=1631 ok=1
Cmd: compileComputeKernel
  api=4 insize=79248 outsize=12420 ok=1
Cmd: compileComputeKernel
  api=4 insize=79248 outsize=35141 ok=1
Cmd: compileComputeKernel
  api=4 insize=79248 outsize=4420 ok=1
Cmd: compileComputeKernel
  api=4 insize=79248 outsize=4420 ok=1
Cmd: compileComputeKernel
  api=4 insize=79248 outsize=3084 ok=1
Cmd: compileComputeKernel
  api=4 insize=79248 outsize=3725 ok=1
Cmd: compileComputeKernel
  api=4 insize=4442 outsize=1449 ok=1
Cmd: initializeCompiler
Cmd: compileComputeKernel
  api=4 insize=775 outsize=12420 ok=1
Cmd: compileComputeKernel
  api=4 insize=1069 outsize=1465 ok=1
Cmd: compileComputeKernel
  api=4 insize=1069 outsize=1502 ok=1
Cmd: compileComputeKernel
  api=4 insize=1069 outsize=1813 ok=1
Cmd: compileComputeKernel
  api=4 insize=331 outsize=775 ok=1
Cmd: compileComputeKernel
  api=4 insize=759 outsize=638 ok=1
Cmd: compileComputeKernel
  api=4 insize=759 outsize=854 ok=1
Cmd: compileComputeKernel
  api=4 insize=759 outsize=1134 ok=1
Cmd: compileComputeKernel
  api=4 insize=3405 outsize=22181 ok=1
Cmd: compileComputeKernel
  api=4 insize=3405 outsize=35914 ok=1
Cmd: compileComputeKernel
  api=4 insize=13751 outsize=1499 ok=1
Cmd: compileComputeKernel
  api=4 insize=13751 outsize=1971 ok=1
Cmd: compileComputeKernel
  api=4 insize=13751 outsize=1364 ok=1
Cmd: compileComputeKernel
  api=4 insize=13751 outsize=1916 ok=1
Cmd: compileComputeKernel
  api=4 insize=20821 outsize=49017 ok=1
Cmd: compileComputeKernel
  api=4 insize=89748 outsize=2922 ok=1
Cmd: compileComputeKernel
  api=4 insize=89748 outsize=2795 ok=1
Cmd: compileComputeKernel
  api=4 insize=89748 outsize=1579 ok=1
Cmd: compileComputeKernel
  api=4 insize=89748 outsize=2631 ok=1
Cmd: compileComputeKernel
  api=4 insize=89748 outsize=1634 ok=1
Cmd: compileComputeKernel
  api=4 insize=89748 outsize=1489 ok=1
Cmd: compileComputeKernel
  api=4 insize=89748 outsize=1461 ok=1
Cmd: compileComputeKernel
  api=4 insize=89748 outsize=1335 ok=1
Cmd: compileComputeKernel
  api=4 insize=89748 outsize=1667 ok=1
Cmd: compileComputeKernel
  api=4 insize=89748 outsize=4086 ok=1
Cmd: compileComputeKernel
  api=4 insize=89748 outsize=3372 ok=1
Cmd: compileComputeKernel
  api=4 insize=89748 outsize=3457 ok=1
Cmd: compileComputeKernel
  api=4 insize=89748 outsize=3480 ok=1
Cmd: compileComputeKernel
  api=4 insize=89748 outsize=3553 ok=1
Cmd: compileComputeKernel
  api=4 insize=89748 outsize=3635 ok=1
Cmd: compileComputeKernel
  api=4 insize=89748 outsize=3372 ok=1
Cmd: compileComputeKernel
  api=4 insize=89748 outsize=3485 ok=1
Cmd: compileComputeKernel
  api=4 insize=89748 outsize=3489 ok=1
Cmd: compileComputeKernel
  api=4 insize=89748 outsize=3472 ok=1
Cmd: compileComputeKernel
  api=4 insize=89748 outsize=3475 ok=1
Cmd: compileComputeKernel
  api=4 insize=89748 outsize=5039 ok=1
Cmd: compileComputeKernel
  api=4 insize=89748 outsize=5479 ok=1
Cmd: compileComputeKernel
  api=4 insize=89748 outsize=5194 ok=1
Cmd: compileComputeKernel
  api=4 insize=89748 outsize=5073 ok=1
Cmd: compileComputeKernel
  api=4 insize=89748 outsize=5218 ok=1
Cmd: compileComputeKernel
  api=4 insize=89748 outsize=3554 ok=1
Cmd: compileComputeKernel
  api=4 insize=89748 outsize=3482 ok=1
Cmd: compileComputeKernel
  api=4 insize=89748 outsize=2270 ok=1
Cmd: compileComputeKernel
  api=4 insize=89748 outsize=1754 ok=1
Cmd: compileComputeKernel
  api=4 insize=89748 outsize=3170 ok=1
Cmd: compileComputeKernel
  api=4 insize=89748 outsize=1927 ok=1
Cmd: compileComputeKernel
  api=4 insize=89748 outsize=2194 ok=1
Cmd: compileComputeKernel
  api=4 insize=89748 outsize=2206 ok=1
Cmd: compileComputeKernel
  api=4 insize=467 outsize=2137 ok=1
Cmd: compileComputeKernel
  api=4 insize=15390 outsize=2891 ok=1
Cmd: compileComputeKernel
  api=4 insize=15390 outsize=2917 ok=1
Cmd: compileComputeKernel
  api=4 insize=67361 outsize=13979 ok=1
Cmd: compileComputeKernel
  api=4 insize=67361 outsize=12299 ok=1
Cmd: compileComputeKernel
  api=4 insize=4587 outsize=3836 ok=1
Cmd: compileComputeKernel
  api=4 insize=18755 outsize=7656 ok=1
Cmd: compileComputeKernel
  api=4 insize=76423 outsize=11599 ok=1
Cmd: compileComputeKernel
  api=4 insize=467 outsize=5337 ok=1
Cmd: compileComputeKernel
  api=4 insize=13363 outsize=10417 ok=1
Cmd: compileComputeKernel
  api=4 insize=1069 outsize=1465 ok=1
Cmd: compileComputeKernel
  api=4 insize=1069 outsize=1497 ok=1
Cmd: compileComputeKernel
  api=4 insize=3167 outsize=1927 ok=1
Cmd: compileComputeKernel
  api=4 insize=11209 outsize=772 ok=1
Cmd: compileComputeKernel
  api=4 insize=11209 outsize=623 ok=1
Cmd: compileComputeKernel
  api=4 insize=11209 outsize=782 ok=1
Cmd: compileComputeKernel
  api=4 insize=11209 outsize=796 ok=1
Cmd: compileComputeKernel
  api=4 insize=11209 outsize=700 ok=1
Cmd: compileComputeKernel
  api=4 insize=11209 outsize=847 ok=1
Cmd: compileComputeKernel
  api=4 insize=11209 outsize=847 ok=1
Cmd: compileComputeKernel
  api=4 insize=11209 outsize=629 ok=1
Cmd: compileComputeKernel
  api=4 insize=11209 outsize=786 ok=1
Cmd: compileComputeKernel
  api=4 insize=11209 outsize=1321 ok=1
Cmd: compileComputeKernel
  api=4 insize=11209 outsize=1547 ok=1
Cmd: compileComputeKernel
  api=4 insize=11209 outsize=1369 ok=1
Cmd: compileComputeKernel
  api=4 insize=11209 outsize=1340 ok=1
Cmd: compileComputeKernel
  api=4 insize=11209 outsize=1465 ok=1
Cmd: compileComputeKernel
  api=4 insize=11209 outsize=1248 ok=1
Cmd: compileComputeKernel
  api=4 insize=11209 outsize=1261 ok=1
Cmd: compileComputeKernel
  api=4 insize=11209 outsize=1364 ok=1
Cmd: compileComputeKernel
  api=4 insize=11209 outsize=1397 ok=1
Cmd: compileComputeKernel
  api=4 insize=11209 outsize=1397 ok=1
Cmd: compileComputeKernel
  api=4 insize=11209 outsize=1378 ok=1
Cmd: compileComputeKernel
  api=4 insize=11209 outsize=1380 ok=1
Cmd: compileComputeKernel
  api=4 insize=11209 outsize=1321 ok=1
Cmd: compileComputeKernel
  api=4 insize=11209 outsize=1824 ok=1
Cmd: compileComputeKernel
  api=4 insize=4497 outsize=1650 ok=1
Cmd: compileSnippet
  api=4 type=0 insize=11944 outsize=1290 kw=SHADOWS_SPLIT_SPHERES pd=UNITY_ENABLE_REFLECTION_BUFFERS UNITY_USE_DITHER_MASK_FOR_ALPHABLENDED_SHADOWS UNITY_PBS_USE_BRDF1 UNITY_SPECCUBE_BOX_PROJECTION UNITY_SPECCUBE_BLENDING UNITY_ENABLE_DETAIL_NORMALMAP SHADER_API_DESKTOP UNITY_COLORSPACE_GAMMA UNITY_LIGHT_PROBE_PROXY_VOLUME UNITY_LIGHTMAP_FULL_HDR ok=1
Cmd: compileSnippet
  api=4 type=1 insize=11820 outsize=1498 kw=FINALPASS pd=UNITY_ENABLE_REFLECTION_BUFFERS UNITY_USE_DITHER_MASK_FOR_ALPHABLENDED_SHADOWS UNITY_PBS_USE_BRDF1 UNITY_SPECCUBE_BOX_PROJECTION UNITY_SPECCUBE_BLENDING UNITY_ENABLE_DETAIL_NORMALMAP SHADER_API_DESKTOP UNITY_COLORSPACE_GAMMA UNITY_LIGHT_PROBE_PROXY_VOLUME UNITY_LIGHTMAP_FULL_HDR ok=1
Cmd: shutdown
