Base path: 'C:/Program Files/Unity/Hub/Editor/2019.4.35f1/Editor/Data', plugins path 'C:/Program Files/Unity/Hub/Editor/2019.4.35f1/Editor/Data/PlaybackEngines'
Cmd: initializeCompiler
Cmd: compileComputeKernel
  api=4 insize=18337 outsize=10338 ok=1
Cmd: compileComputeKernel
  api=4 insize=12109 outsize=1198 ok=1
Cmd: compileComputeKernel
  api=4 insize=12109 outsize=1931 ok=1
Cmd: compileComputeKernel
  api=4 insize=12109 outsize=1364 ok=1
Cmd: compileComputeKernel
  api=4 insize=11985 outsize=1465 ok=1
Cmd: compileComputeKernel
  api=4 insize=11985 outsize=1905 ok=1
Cmd: compileComputeKernel
  api=4 insize=11985 outsize=1499 ok=1
Cmd: compileComputeKernel
  api=4 insize=11985 outsize=1616 ok=1
Cmd: compileComputeKernel
  api=4 insize=18301 outsize=3271 ok=1
Cmd: compileComputeKernel
  api=4 insize=18301 outsize=5585 ok=1
Cmd: compileComputeKernel
  api=4 insize=66874 outsize=2795 ok=1
Cmd: compileComputeKernel
  api=4 insize=66874 outsize=1579 ok=1
Cmd: compileComputeKernel
  api=4 insize=66874 outsize=2479 ok=1
Cmd: compileComputeKernel
  api=4 insize=66874 outsize=1689 ok=1
Cmd: compileComputeKernel
  api=4 insize=66874 outsize=1407 ok=1
Cmd: compileComputeKernel
  api=4 insize=66874 outsize=1597 ok=1
Cmd: compileComputeKernel
  api=4 insize=66874 outsize=1610 ok=1
Cmd: compileComputeKernel
  api=4 insize=66874 outsize=1287 ok=1
Cmd: compileComputeKernel
  api=4 insize=66874 outsize=1631 ok=1
Cmd: compileComputeKernel
  api=4 insize=66874 outsize=1321 ok=1
Cmd: compileComputeKernel
  api=4 insize=66874 outsize=1547 ok=1
Cmd: compileComputeKernel
  api=4 insize=66874 outsize=1777 ok=1
Cmd: compileComputeKernel
  api=4 insize=66874 outsize=1819 ok=1
Cmd: compileComputeKernel
  api=4 insize=66874 outsize=2259 ok=1
Cmd: compileComputeKernel
  api=4 insize=66874 outsize=1856 ok=1
Cmd: compileComputeKernel
  api=4 insize=66874 outsize=1997 ok=1
Cmd: compileComputeKernel
  api=4 insize=66874 outsize=1301 ok=1
Cmd: compileComputeKernel
  api=4 insize=66874 outsize=1302 ok=1
Cmd: compileComputeKernel
  api=4 insize=66874 outsize=1590 ok=1
Cmd: compileComputeKernel
  api=4 insize=66874 outsize=1427 ok=1
Cmd: compileComputeKernel
  api=4 insize=66874 outsize=2483 ok=1
Cmd: compileComputeKernel
  api=4 insize=72903 outsize=6467 ok=1
Cmd: compileComputeKernel
  api=4 insize=3246 outsize=375 ok=1
Cmd: compileComputeKernel
  api=4 insize=34089 outsize=677 ok=1
Cmd: compileComputeKernel
  api=4 insize=34089 outsize=675 ok=1
Cmd: compileComputeKernel
  api=4 insize=34089 outsize=638 ok=1
Cmd: compileComputeKernel
  api=4 insize=34089 outsize=1094 ok=1
Cmd: compileComputeKernel
  api=4 insize=34089 outsize=950 ok=1
Cmd: compileComputeKernel
  api=4 insize=34089 outsize=677 ok=1
Cmd: compileComputeKernel
  api=4 insize=34089 outsize=716 ok=1
Cmd: compileComputeKernel
  api=4 insize=34089 outsize=1292 ok=1
Cmd: compileComputeKernel
  api=4 insize=34089 outsize=1137 ok=1
Cmd: compileComputeKernel
  api=4 insize=34089 outsize=1520 ok=1
Cmd: compileComputeKernel
  api=4 insize=34089 outsize=1363 ok=1
Cmd: compileComputeKernel
  api=4 insize=34089 outsize=1359 ok=1
Cmd: compileComputeKernel
  api=4 insize=34089 outsize=1248 ok=1
Cmd: compileComputeKernel
  api=4 insize=34089 outsize=1346 ok=1
Cmd: compileComputeKernel
  api=4 insize=34089 outsize=1387 ok=1
Cmd: compileComputeKernel
  api=4 insize=79248 outsize=14204 ok=1
Cmd: compileComputeKernel
  api=4 insize=79248 outsize=24890 ok=1
Cmd: compileComputeKernel
  api=4 insize=4442 outsize=1750 ok=1
Cmd: compileSnippet
  api=4 type=1 insize=2984 outsize=502 kw= pd=UNITY_ENABLE_REFLECTION_BUFFERS UNITY_USE_DITHER_MASK_FOR_ALPHABLENDED_SHADOWS UNITY_PBS_USE_BRDF1 UNITY_SPECCUBE_BOX_PROJECTION UNITY_SPECCUBE_BLENDING UNITY_ENABLE_DETAIL_NORMALMAP SHADER_API_DESKTOP UNITY_COLORSPACE_GAMMA UNITY_LIGHT_PROBE_PROXY_VOLUME UNITY_LIGHTMAP_FULL_HDR ok=1
Cmd: initializeCompiler
Cmd: compileComputeKernel
  api=4 insize=1069 outsize=1620 ok=1
Cmd: compileComputeKernel
  api=4 insize=1069 outsize=1528 ok=1
Cmd: compileComputeKernel
  api=4 insize=2847 outsize=3574 ok=1
Cmd: compileComputeKernel
  api=4 insize=331 outsize=804 ok=1
Cmd: compileComputeKernel
  api=4 insize=759 outsize=1094 ok=1
Cmd: compileComputeKernel
  api=4 insize=759 outsize=749 ok=1
Cmd: compileComputeKernel
  api=4 insize=759 outsize=1035 ok=1
Cmd: compileComputeKernel
  api=4 insize=3405 outsize=35766 ok=1
Cmd: compileComputeKernel
  api=4 insize=3405 outsize=3833 ok=1
Cmd: compileComputeKernel
  api=4 insize=13751 outsize=1848 ok=1
Cmd: compileComputeKernel
  api=4 insize=13751 outsize=2479 ok=1
Cmd: compileComputeKernel
  api=4 insize=20821 outsize=14180 ok=1
Cmd: compileComputeKernel
  api=4 insize=89748 outsize=2850 ok=1
Cmd: compileComputeKernel
  api=4 insize=89748 outsize=3447 ok=1
Cmd: compileComputeKernel
  api=4 insize=89748 outsize=2479 ok=1
Cmd: compileComputeKernel
  api=4 insize=89748 outsize=2634 ok=1
Cmd: compileComputeKernel
  api=4 insize=89748 outsize=1489 ok=1
Cmd: compileComputeKernel
  api=4 insize=89748 outsize=1689 ok=1
Cmd: compileComputeKernel
  api=4 insize=89748 outsize=1431 ok=1
Cmd: compileComputeKernel
  api=4 insize=89748 outsize=3335 ok=1
Cmd: compileComputeKernel
  api=4 insize=89748 outsize=3412 ok=1
Cmd: compileComputeKernel
  api=4 insize=89748 outsize=3373 ok=1
Cmd: compileComputeKernel
  api=4 insize=89748 outsize=3457 ok=1
Cmd: compileComputeKernel
  api=4 insize=89748 outsize=3462 ok=1
Cmd: compileComputeKernel
  api=4 insize=89748 outsize=3447 ok=1
Cmd: compileComputeKernel
  api=4 insize=89748 outsize=3399 ok=1
Cmd: compileComputeKernel
  api=4 insize=89748 outsize=3865 ok=1
Cmd: compileComputeKernel
  api=4 insize=89748 outsize=3485 ok=1
Cmd: compileComputeKernel
  api=4 insize=89748 outsize=3375 ok=1
Cmd: compileComputeKernel
  api=4 insize=89748 outsize=3472 ok=1
Cmd: compileComputeKernel
  api=4 insize=89748 outsize=3576 ok=1
Cmd: compileComputeKernel
  api=4 insize=89748 outsize=5043 ok=1
Cmd: compileComputeKernel
  api=4 insize=89748 outsize=5479 ok=1
Cmd: compileComputeKernel
  api=4 insize=89748 outsize=5076 ok=1
Cmd: compileComputeKernel
  api=4 insize=89748 outsize=5069 ok=1
Cmd: compileComputeKernel
  api=4 insize=89748 outsize=3414 ok=1
Cmd: compileComputeKernel
  api=4 insize=89748 outsize=6504 ok=1
Cmd: compileComputeKernel
  api=4 insize=89748 outsize=3429 ok=1
Cmd: compileComputeKernel
  api=4 insize=89748 outsize=1650 ok=1
Cmd: compileComputeKernel
  api=4 insize=89748 outsize=1453 ok=1
Cmd: compileComputeKernel
  api=4 insize=89748 outsize=3755 ok=1
Cmd: compileComputeKernel
  api=4 insize=89748 outsize=3114 ok=1
Cmd: compileComputeKernel
  api=4 insize=89748 outsize=4571 ok=1
Cmd: compileComputeKernel
  api=4 insize=467 outsize=3192 ok=1
Cmd: compileComputeKernel
  api=4 insize=15390 outsize=2916 ok=1
Cmd: compileComputeKernel
  api=4 insize=15390 outsize=2376 ok=1
Cmd: compileComputeKernel
  api=4 insize=15390 outsize=2781 ok=1
Cmd: compileComputeKernel
  api=4 insize=67361 outsize=25072 ok=1
Cmd: compileComputeKernel
  api=4 insize=67361 outsize=10387 ok=1
Cmd: compileComputeKernel
  api=4 insize=67361 outsize=9121 ok=1
Cmd: compileComputeKernel
  api=4 insize=4587 outsize=2528 ok=1
Cmd: compileComputeKernel
  api=4 insize=18755 outsize=14017 ok=1
Cmd: compileComputeKernel
  api=4 insize=76423 outsize=5651 ok=1
Cmd: compileComputeKernel
  api=4 insize=467 outsize=3035 ok=1
Cmd: compileComputeKernel
  api=4 insize=13363 outsize=11359 ok=1
Cmd: compileComputeKernel
  api=4 insize=1069 outsize=1469 ok=1
Cmd: compileComputeKernel
  api=4 insize=1069 outsize=1528 ok=1
Cmd: compileComputeKernel
  api=4 insize=3167 outsize=923 ok=1
Cmd: compileComputeKernel
  api=4 insize=776 outsize=4420 ok=1
Cmd: compileComputeKernel
  api=4 insize=11209 outsize=622 ok=1
Cmd: compileComputeKernel
  api=4 insize=11209 outsize=623 ok=1
Cmd: compileComputeKernel
  api=4 insize=11209 outsize=855 ok=1
Cmd: compileComputeKernel
  api=4 insize=11209 outsize=701 ok=1
Cmd: compileComputeKernel
  api=4 insize=11209 outsize=857 ok=1
Cmd: compileComputeKernel
  api=4 insize=11209 outsize=882 ok=1
Cmd: compileComputeKernel
  api=4 insize=11209 outsize=1313 ok=1
Cmd: compileComputeKernel
  api=4 insize=11209 outsize=782 ok=1
Cmd: compileComputeKernel
  api=4 insize=11209 outsize=881 ok=1
Cmd: compileComputeKernel
  api=4 insize=11209 outsize=1229 ok=1
Cmd: compileComputeKernel
  api=4 insize=11209 outsize=1547 ok=1
Cmd: compileComputeKernel
  api=4 insize=11209 outsize=1369 ok=1
Cmd: compileComputeKernel
  api=4 insize=11209 outsize=1363 ok=1
Cmd: compileComputeKernel
  api=4 insize=11209 outsize=1465 ok=1
Cmd: compileComputeKernel
  api=4 insize=11209 outsize=1311 ok=1
Cmd: compileComputeKernel
  api=4 insize=11209 outsize=1221 ok=1
Cmd: compileComputeKernel
  api=4 insize=11209 outsize=1324 ok=1
Cmd: compileComputeKernel
  api=4 insize=11209 outsize=1397 ok=1
Cmd: compileComputeKernel
  api=4 insize=11209 outsize=1334 ok=1
Cmd: compileComputeKernel
  api=4 insize=11209 outsize=1401 ok=1
Cmd: compileComputeKernel
  api=4 insize=11209 outsize=1317 ok=1
Cmd: compileComputeKernel
  api=4 insize=11209 outsize=1361 ok=1
Cmd: compileComputeKernel
  api=4 insize=11209 outsize=1514 ok=1
Cmd: compileComputeKernel
  api=4 insize=4497 outsize=1684 ok=1
Cmd: compileSnippet
  api=4 type=0 insize=1602 outsize=2910 kw=UNITY_PASS_FORWARDBASE DIRECTIONAL SHADOWS_SCREEN LIGHTPROBE_SH _EMISSION _NORMALMAP _GLOSSYREFLECTIONS_OFF _PARALLAXMAP pd=UNITY_ENABLE_REFLECTION_BUFFERS UNITY_USE_DITHER_MASK_FOR_ALPHABLENDED_SHADOWS UNITY_PBS_USE_BRDF1 UNITY_SPECCUBE_BOX_PROJECTION UNITY_SPECCUBE_BLENDING UNITY_ENABLE_DETAIL_NORMALMAP SHADER_API_DESKTOP UNITY_COLORSPACE_GAMMA UNITY_LIGHT_PROBE_PROXY_VOLUME UNITY_LIGHTMAP_FULL_HDR ok=1
Cmd: shutdown
